{"target": 0.00022101069578587445, "params": {"baseflow": 4.18143985461543, "fff": 3.398285975331863, "fmax": 0.28033846226302506, "frootleaf": 0.27655519295608266, "leaflong": 0.5667404592906531, "slatop": 0.009608660713453933, "slopebeta": -774.460344142447}, "datetime": {"datetime": "2024-03-19 09:51:09", "elapsed": 0.0, "delta": 0.0}}
{"target": 0.001144400093216259, "params": {"baseflow": 8.848258030774774, "fff": 4.8271074989577665, "fmax": 0.41556642518801257, "frootleaf": 0.42359040527924646, "leaflong": 0.9598619915864501, "slatop": 0.0318841786578588, "slopebeta": -744.8972299893351}, "datetime": {"datetime": "2024-03-19 09:53:37", "elapsed": 148.634713, "delta": 148.634713}}
{"target": 4.4883416852011734e-05, "params": {"baseflow": 3.078218914852063, "fff": 1.4200784239386037, "fmax": 0.24330839642900748, "frootleaf": 0.8771234888387879, "leaflong": 1.9349163148717778, "slatop": 0.028912736730545504, "slopebeta": -44.28867701781371}, "datetime": {"datetime": "2024-03-19 09:56:06", "elapsed": 297.690407, "delta": 149.055694}}
{"target": 0.0033285541552476455, "params": {"baseflow": 2.331615015868177, "fff": 4.15606067525973, "fmax": 0.4710598884093642, "frootleaf": 1.216384061842028, "leaflong": 1.792012145120966, "slatop": 0.014464158322432663, "slopebeta": -592.5818062823924}, "datetime": {"datetime": "2024-03-19 09:58:34", "elapsed": 445.415971, "delta": 147.725564}}
{"target": 0.000595650864170253, "params": {"baseflow": 6.761181692104613, "fff": 4.195970658249397, "fmax": 0.6157084550122147, "frootleaf": 1.6324759253770889, "leaflong": 0.8383232501226285, "slatop": 0.01860418339930142, "slopebeta": -841.9959028146645}, "datetime": {"datetime": "2024-03-19 10:01:08", "elapsed": 599.789736, "delta": 154.373765}}
{"target": 0.0009756748927126083, "params": {"baseflow": 2.4195966566439617, "fff": 3.435896816575087, "fmax": 0.6630330599806545, "frootleaf": 1.3808436348891464, "leaflong": 1.9865991144017083, "slatop": 0.03647427275820375, "slopebeta": -300.31114758420006}, "datetime": {"datetime": "2024-03-19 10:03:28", "elapsed": 738.938382, "delta": 139.148646}}
{"target": 0.0004491517110180439, "params": {"baseflow": 3.6183719350984935, "fff": 3.6824809829225336, "fmax": 0.6315886014093326, "frootleaf": 0.7856337315330818, "leaflong": 1.8273518890639016, "slatop": 0.022887310348331507, "slopebeta": -124.0575228115514}, "datetime": {"datetime": "2024-03-19 10:05:51", "elapsed": 882.057526, "delta": 143.119144}}
{"target": 0.0026530152572899904, "params": {"baseflow": 3.329231884292103, "fff": 3.89692023309611, "fmax": 0.2990138193261218, "frootleaf": 1.802895840928824, "leaflong": 1.7623433776213073, "slatop": 0.006673507048925232, "slopebeta": -876.2785470758084}, "datetime": {"datetime": "2024-03-19 10:08:09", "elapsed": 1020.063166, "delta": 138.00564}}
{"target": 0.001002284789689263, "params": {"baseflow": 3.160356700267183, "fff": 4.55649060359804, "fmax": 0.14900846723795452, "frootleaf": 0.6908601785922581, "leaflong": 0.43930235254498085, "slatop": 0.029566882600290088, "slopebeta": -693.512783591937}, "datetime": {"datetime": "2024-03-19 10:10:21", "elapsed": 1152.922641, "delta": 132.859475}}
{"target": 0.0010892651610703657, "params": {"baseflow": 9.717466310859834, "fff": 3.948706933237246, "fmax": 0.43865804306599665, "frootleaf": 0.545724480272035, "leaflong": 0.781427387953262, "slatop": 0.030023827740513043, "slopebeta": -187.25882482638417}, "datetime": {"datetime": "2024-03-19 10:12:35", "elapsed": 1286.396939, "delta": 133.474298}}
{"target": 0.001229553507997366, "params": {"baseflow": 3.4569335437949436, "fff": 4.547337833421616, "fmax": 0.4762755757099104, "frootleaf": 1.5830322306518, "leaflong": 1.034927547277327, "slatop": 0.02486337204652461, "slopebeta": -876.6408111206398}, "datetime": {"datetime": "2024-03-19 10:15:03", "elapsed": 1434.744597, "delta": 148.347658}}
{"target": 0.0006301822007054391, "params": {"baseflow": 2.121902781680057, "fff": 4.89257112265828, "fmax": 0.6057222462093335, "frootleaf": 1.0255236189601638, "leaflong": 0.9805699987519749, "slatop": 0.024567877549728306, "slopebeta": -592.2014080217444}, "datetime": {"datetime": "2024-03-19 10:17:26", "elapsed": 1577.557742, "delta": 142.813145}}
{"target": 0.0001646399375244896, "params": {"baseflow": 2.8018759315202226, "fff": 4.785333711496108, "fmax": 0.20734534947687078, "frootleaf": 0.33972298138423845, "leaflong": 1.8751069617914804, "slatop": 0.01827462177280601, "slopebeta": -592.6855383979841}, "datetime": {"datetime": "2024-03-19 10:19:49", "elapsed": 1720.271284, "delta": 142.713542}}
{"target": 0.01688702622992839, "params": {"baseflow": 8.708188341182238, "fff": 3.542130560087414, "fmax": 0.24534090942927073, "frootleaf": 1.405102697100008, "leaflong": 1.5815173556400464, "slatop": 0.03266609188878439, "slopebeta": -949.5327228368307}, "datetime": {"datetime": "2024-03-19 10:22:07", "elapsed": 1858.433736, "delta": 138.162452}}
{"target": 0.0016125372664647932, "params": {"baseflow": 9.74244088144587, "fff": 3.5496504788837435, "fmax": 0.42367578276228157, "frootleaf": 0.891359097321082, "leaflong": 1.4375486601419611, "slatop": 0.03018470254836588, "slopebeta": -948.7745133188423}, "datetime": {"datetime": "2024-03-19 10:24:20", "elapsed": 1991.184024, "delta": 132.750288}}
{"target": 0.0015374501612840533, "params": {"baseflow": 3.2253577205228146, "fff": 4.129259863295697, "fmax": 0.31745191953965934, "frootleaf": 1.5478692997535348, "leaflong": 1.9646803368457695, "slatop": 0.00850903214088741, "slopebeta": -875.4129157310838}, "datetime": {"datetime": "2024-03-19 10:26:38", "elapsed": 2129.267705, "delta": 138.083681}}
{"target": 0.000469331660754404, "params": {"baseflow": 9.757368641357427, "fff": 1.656841831607425, "fmax": 0.11972775198717155, "frootleaf": 1.0727359887400858, "leaflong": 1.0091451044965492, "slatop": 0.0358571504826328, "slopebeta": -122.85620120772069}, "datetime": {"datetime": "2024-03-19 10:28:56", "elapsed": 2267.393684, "delta": 138.125979}}
{"target": 0.00189010357276327, "params": {"baseflow": 9.128289738288506, "fff": 2.921065844242038, "fmax": 0.15988280882911124, "frootleaf": 1.6116642929573317, "leaflong": 0.7936208692086426, "slatop": 0.025648727443123846, "slopebeta": -949.6677095472804}, "datetime": {"datetime": "2024-03-19 10:31:14", "elapsed": 2405.829048, "delta": 138.435364}}
{"target": 0.0009297252305975248, "params": {"baseflow": 4.5751156559342, "fff": 1.7877628048910847, "fmax": 0.6918219914544096, "frootleaf": 0.36850631530228783, "leaflong": 0.5484864217469555, "slatop": 0.023895252573845508, "slopebeta": -346.9417121231472}, "datetime": {"datetime": "2024-03-19 10:33:32", "elapsed": 2543.76818, "delta": 137.939132}}
{"target": 0.006068577561819388, "params": {"baseflow": 1.8235542083505185, "fff": 1.12458096612065, "fmax": 0.6160494320999178, "frootleaf": 1.2362548935539734, "leaflong": 0.8293947172849598, "slatop": 0.033625504109256764, "slopebeta": -233.42266464171246}, "datetime": {"datetime": "2024-03-19 10:36:00", "elapsed": 2691.567395, "delta": 147.799215}}
{"target": 0.009982387922646113, "params": {"baseflow": 6.015169292097014, "fff": 0.33820159244981335, "fmax": 0.42331233586895267, "frootleaf": 0.910094529276127, "leaflong": 1.6398680729812154, "slatop": 0.039337131552990456, "slopebeta": -172.68901741167974}, "datetime": {"datetime": "2024-03-19 10:38:18", "elapsed": 2829.551059, "delta": 137.983664}}
{"target": 0.0008378943389557516, "params": {"baseflow": 5.251620438380651, "fff": 2.3926652963714585, "fmax": 0.130864882879587, "frootleaf": 1.861751549509422, "leaflong": 1.9670316730119597, "slatop": 0.02289858265645825, "slopebeta": -546.0627039353863}, "datetime": {"datetime": "2024-03-19 10:40:31", "elapsed": 2962.50475, "delta": 132.953691}}
{"target": 0.0026199433228665274, "params": {"baseflow": 2.2021872199523997, "fff": 3.9659323592727427, "fmax": 0.2781557080077407, "frootleaf": 1.3968428985858294, "leaflong": 1.277389214837309, "slatop": 0.032993128230097396, "slopebeta": -869.9965920657401}, "datetime": {"datetime": "2024-03-19 10:42:54", "elapsed": 3105.806216, "delta": 143.301466}}
{"target": 0.0012696450041047736, "params": {"baseflow": 5.533652352524696, "fff": 0.9656442516136048, "fmax": 0.37279590110535576, "frootleaf": 0.5849474368022343, "leaflong": 1.427496794861178, "slatop": 0.03274639820313727, "slopebeta": -497.2266874357427}, "datetime": {"datetime": "2024-03-19 10:45:28", "elapsed": 3259.023534, "delta": 153.217318}}
{"target": 0.001123299990745088, "params": {"baseflow": 8.88498760352665, "fff": 3.056388688826747, "fmax": 0.11181953634425677, "frootleaf": 1.240282587931259, "leaflong": 0.5716821979554616, "slatop": 0.014178977511998007, "slopebeta": -983.3659774163324}, "datetime": {"datetime": "2024-03-19 10:47:55", "elapsed": 3406.846372, "delta": 147.822838}}
{"target": 0.015387924714133718, "params": {"baseflow": 5.622482747808252, "fff": 4.300925793188059, "fmax": 0.18081729025048754, "frootleaf": 1.7744648517867017, "leaflong": 0.8821285883197332, "slatop": 0.029228047601684376, "slopebeta": -630.5751633991147}, "datetime": {"datetime": "2024-03-19 10:50:25", "elapsed": 3556.813998, "delta": 149.967626}}
{"target": 9.042507275953676e-05, "params": {"baseflow": 8.553544272198373, "fff": 1.5465071183545462, "fmax": 0.4345854618048377, "frootleaf": 0.5420704119656707, "leaflong": 0.9488903327721616, "slatop": 0.021611256417737916, "slopebeta": -738.8704763607692}, "datetime": {"datetime": "2024-03-19 10:52:54", "elapsed": 3705.555441, "delta": 148.741443}}
{"target": 4.3715362344151385e-05, "params": {"baseflow": 5.000761981223699, "fff": 3.3649487653456034, "fmax": 0.49612598246254136, "frootleaf": 0.5878385535160802, "leaflong": 1.9818638484273723, "slatop": 0.033441825081138084, "slopebeta": -857.7968467029674}, "datetime": {"datetime": "2024-03-19 14:08:08", "elapsed": 15419.631376, "delta": 11714.075935}}
{"target": 0.00802721091573088, "params": {"baseflow": 5.895209481279244, "fff": 0.4483133548827747, "fmax": 0.23952824000651268, "frootleaf": 0.050052041567474705, "leaflong": 1.540760868399016, "slatop": 0.012543636110790799, "slopebeta": -925.930596903022}, "datetime": {"datetime": "2024-03-19 14:37:11", "elapsed": 17162.246679, "delta": 1742.615303}}
{"target": 0.000951610937395445, "params": {"baseflow": 2.052067859929143, "fff": 4.059619786510041, "fmax": 0.131653239541963, "frootleaf": 1.4989433405735628, "leaflong": 1.0693774612289855, "slatop": 0.00529799487804075, "slopebeta": -280.83920224496376}, "datetime": {"datetime": "2024-03-19 14:54:30", "elapsed": 18201.043622, "delta": 1038.796943}}
{"target": 0.0002899375167428787, "params": {"baseflow": 2.489277827460954, "fff": 3.6391566302581135, "fmax": 0.5686456227357704, "frootleaf": 1.444570410554942, "leaflong": 1.84413077779912, "slatop": 0.01596348196524479, "slopebeta": -592.6622467049442}, "datetime": {"datetime": "2024-03-19 15:40:41", "elapsed": 20972.783694, "delta": 2771.740072}}
{"target": 4.787247323388994e-05, "params": {"baseflow": 4.18143985461543, "fff": 3.398285975331863, "fmax": 0.28033846226302506, "frootleaf": 0.27655519295608266, "leaflong": 0.5667404592906531, "slatop": 0.009608660713453933, "slopebeta": -774.460344142447}, "datetime": {"datetime": "2024-03-19 17:00:46", "elapsed": 0.0, "delta": 0.0}}
{"target": 0.006111222755138317, "params": {"baseflow": 7.6717549246650565, "fff": 1.5174840807115735, "fmax": 0.16327155190192139, "frootleaf": 1.3752616566646814, "leaflong": 1.7507162539653744, "slatop": 0.004657025194204163, "slopebeta": -595.9832596479199}, "datetime": {"datetime": "2024-03-19 17:22:32", "elapsed": 1305.992957, "delta": 1305.992957}}
{"target": 0.004061005365867214, "params": {"baseflow": 6.5998818372602175, "fff": 1.3564813902508048, "fmax": 0.30736671674847377, "frootleaf": 1.5716177145452983, "leaflong": 1.2492997185658874, "slatop": 0.005275449026378123, "slopebeta": -596.4575346127394}, "datetime": {"datetime": "2024-03-19 17:33:08", "elapsed": 1942.589264, "delta": 636.596307}}
{"target": 0.0002715735672873254, "params": {"baseflow": 8.91144684141151, "fff": 2.4119951981603447, "fmax": 0.34801983366651473, "frootleaf": 0.05662600093149335, "leaflong": 1.8627547549495445, "slatop": 0.005519264906311083, "slopebeta": -596.711396452175}, "datetime": {"datetime": "2024-03-19 17:43:22", "elapsed": 2556.039513, "delta": 613.450249}}
{"target": 0.0002282909198814187, "params": {"baseflow": 7.650468162184821, "fff": 1.100079167175354, "fmax": 0.5132155980941991, "frootleaf": 0.8474232275429879, "leaflong": 1.0743354250554409, "slatop": 0.029635180144320993, "slopebeta": -594.9337230238662}, "datetime": {"datetime": "2024-03-19 17:48:55", "elapsed": 2888.906667, "delta": 332.867154}}
{"target": 9.577493490877944e-05, "params": {"baseflow": 6.627232466288246, "fff": 1.1036771973964306, "fmax": 0.3610974007844472, "frootleaf": 0.4182957770198651, "leaflong": 1.2507832846769706, "slatop": 0.03889171199860103, "slopebeta": -596.5178433258986}, "datetime": {"datetime": "2024-03-19 17:53:23", "elapsed": 3157.382822, "delta": 268.476155}}
{"target": 0.008243211642958216, "params": {"baseflow": 1.6792793934489902, "fff": 3.124585984356954, "fmax": 0.21373790508746962, "frootleaf": 0.97344980563014, "leaflong": 1.5258225409170187, "slatop": 0.012281118652585556, "slopebeta": -146.22184242290086}, "datetime": {"datetime": "2024-03-19 18:01:12", "elapsed": 3626.020937, "delta": 468.638115}}
{"target": 0.000469331660754404, "params": {"baseflow": 9.757368641357427, "fff": 1.656841831607425, "fmax": 0.11972775198717155, "frootleaf": 1.0727359887400858, "leaflong": 1.0091451044965492, "slatop": 0.0358571504826328, "slopebeta": -122.85620120772069}, "datetime": {"datetime": "2024-03-19 18:05:25", "elapsed": 3878.749841, "delta": 252.728904}}
{"target": 0.0005161000879604868, "params": {"baseflow": 9.952006890577561, "fff": 3.840714331001224, "fmax": 0.261323649265195, "frootleaf": 0.7090724994818448, "leaflong": 1.664030362663322, "slatop": 0.022820411351509494, "slopebeta": -841.1160433399658}, "datetime": {"datetime": "2024-03-19 18:09:53", "elapsed": 4147.239526, "delta": 268.489685}}
{"target": 0.0009297252305975248, "params": {"baseflow": 4.5751156559342, "fff": 1.7877628048910847, "fmax": 0.6918219914544096, "frootleaf": 0.36850631530228783, "leaflong": 0.5484864217469555, "slatop": 0.023895252573845508, "slopebeta": -346.9417121231472}, "datetime": {"datetime": "2024-03-19 18:13:37", "elapsed": 4370.755953, "delta": 223.516427}}
{"target": 0.006068577561819388, "params": {"baseflow": 1.8235542083505185, "fff": 1.12458096612065, "fmax": 0.6160494320999178, "frootleaf": 1.2362548935539734, "leaflong": 0.8293947172849598, "slatop": 0.033625504109256764, "slopebeta": -233.42266464171246}, "datetime": {"datetime": "2024-03-19 18:16:25", "elapsed": 4539.599267, "delta": 168.843314}}
{"target": 0.009982387922646113, "params": {"baseflow": 6.015169292097014, "fff": 0.33820159244981335, "fmax": 0.42331233586895267, "frootleaf": 0.910094529276127, "leaflong": 1.6398680729812154, "slatop": 0.039337131552990456, "slopebeta": -172.68901741167974}, "datetime": {"datetime": "2024-03-19 18:22:09", "elapsed": 4883.17839, "delta": 343.579123}}
{"target": 0.0008378943389557516, "params": {"baseflow": 5.251620438380651, "fff": 2.3926652963714585, "fmax": 0.130864882879587, "frootleaf": 1.861751549509422, "leaflong": 1.9670316730119597, "slatop": 0.02289858265645825, "slopebeta": -546.0627039353863}, "datetime": {"datetime": "2024-03-19 18:26:02", "elapsed": 5116.161502, "delta": 232.983112}}
{"target": 0.0026199433228665274, "params": {"baseflow": 2.2021872199523997, "fff": 3.9659323592727427, "fmax": 0.2781557080077407, "frootleaf": 1.3968428985858294, "leaflong": 1.277389214837309, "slatop": 0.032993128230097396, "slopebeta": -869.9965920657401}, "datetime": {"datetime": "2024-03-19 18:36:41", "elapsed": 5755.509925, "delta": 639.348423}}
{"target": 0.0012696450041047736, "params": {"baseflow": 5.533652352524696, "fff": 0.9656442516136048, "fmax": 0.37279590110535576, "frootleaf": 0.5849474368022343, "leaflong": 1.427496794861178, "slatop": 0.03274639820313727, "slopebeta": -497.2266874357427}, "datetime": {"datetime": "2024-03-19 18:43:37", "elapsed": 6171.374017, "delta": 415.864092}}
{"target": 0.001123299990745088, "params": {"baseflow": 8.88498760352665, "fff": 3.056388688826747, "fmax": 0.11181953634425677, "frootleaf": 1.240282587931259, "leaflong": 0.5716821979554616, "slatop": 0.014178977511998007, "slopebeta": -983.3659774163324}, "datetime": {"datetime": "2024-03-19 18:46:35", "elapsed": 6349.318946, "delta": 177.944929}}
{"target": 0.015387924714133718, "params": {"baseflow": 5.622482747808252, "fff": 4.300925793188059, "fmax": 0.18081729025048754, "frootleaf": 1.7744648517867017, "leaflong": 0.8821285883197332, "slatop": 0.029228047601684376, "slopebeta": -630.5751633991147}, "datetime": {"datetime": "2024-03-19 18:49:13", "elapsed": 6507.581317, "delta": 158.262371}}
{"target": 9.042507275953676e-05, "params": {"baseflow": 8.553544272198373, "fff": 1.5465071183545462, "fmax": 0.4345854618048377, "frootleaf": 0.5420704119656707, "leaflong": 0.9488903327721616, "slatop": 0.021611256417737916, "slopebeta": -738.8704763607692}, "datetime": {"datetime": "2024-03-19 18:52:06", "elapsed": 6680.44629, "delta": 172.864973}}
{"target": 4.3715362344151385e-05, "params": {"baseflow": 5.000761981223699, "fff": 3.3649487653456034, "fmax": 0.49612598246254136, "frootleaf": 0.5878385535160802, "leaflong": 1.9818638484273723, "slatop": 0.033441825081138084, "slopebeta": -857.7968467029674}, "datetime": {"datetime": "2024-03-19 18:55:14", "elapsed": 6868.182489, "delta": 187.736199}}
{"target": 0.00802721091573088, "params": {"baseflow": 5.895209481279244, "fff": 0.4483133548827747, "fmax": 0.23952824000651268, "frootleaf": 0.050052041567474705, "leaflong": 1.540760868399016, "slatop": 0.012543636110790799, "slopebeta": -925.930596903022}, "datetime": {"datetime": "2024-03-19 18:57:42", "elapsed": 7015.905292, "delta": 147.722803}}
{"target": 0.0012824754064627833, "params": {"baseflow": 6.137973654595327, "fff": 4.4944634954013605, "fmax": 0.29155149909661937, "frootleaf": 1.7553420482217217, "leaflong": 0.6132494233417223, "slatop": 0.01227901744131521, "slopebeta": -630.173534741091}, "datetime": {"datetime": "2024-03-19 19:00:50", "elapsed": 7203.736572, "delta": 187.83128}}
{"target": 0.0002557847965023982, "params": {"baseflow": 8.069671122505882, "fff": 3.10016374723677, "fmax": 0.4823331401862938, "frootleaf": 1.0743273993331264, "leaflong": 1.8364200805048954, "slatop": 0.019952222901400057, "slopebeta": -65.4234296632402}, "datetime": {"datetime": "2024-03-19 19:03:27", "elapsed": 7361.569276, "delta": 157.832704}}
{"target": 4.787247323388994e-05, "params": {"baseflow": 8.144445762049084, "fff": 0.9225317039184191, "fmax": 0.5718472927211271, "frootleaf": 1.3468628649214742, "leaflong": 1.7290569179807016, "slatop": 0.022451300900113665, "slopebeta": -317.95069534095444}, "datetime": {"datetime": "2024-03-19 19:07:40", "elapsed": 7614.350469, "delta": 252.781193}}
{"target": 0.014854732895048421, "params": {"baseflow": 1.709229749747756, "fff": 0.8564171645021382, "fmax": 0.36503479306150544, "frootleaf": 1.511555808392362, "leaflong": 0.41045050664720345, "slatop": 0.02186577217351511, "slopebeta": -804.5146479168606}, "datetime": {"datetime": "2024-03-19 19:12:24", "elapsed": 7898.1179, "delta": 283.767431}}
{"target": 1.71607465707253e-05, "params": {"baseflow": 2.4966896492992574, "fff": 3.6918862600639577, "fmax": 0.3818569642991616, "frootleaf": 1.9647223485837628, "leaflong": 0.9264478668328606, "slatop": 0.035261711688946845, "slopebeta": -433.06959962318956}, "datetime": {"datetime": "2024-03-19 19:15:08", "elapsed": 8062.076377, "delta": 163.958477}}
{"target": 0.012217446536974826, "params": {"baseflow": 3.2577384849177635, "fff": 0.339035647944627, "fmax": 0.4922631669575075, "frootleaf": 0.9519943555720398, "leaflong": 1.0578803272048636, "slatop": 0.035599833408044526, "slopebeta": -886.927330191868}, "datetime": {"datetime": "2024-03-19 19:19:16", "elapsed": 8309.765314, "delta": 247.688937}}
{"target": 0.021461012488417038, "params": {"baseflow": 5.266178756722906, "fff": 1.7927981546773386, "fmax": 0.33243558056971234, "frootleaf": 1.750461892471239, "leaflong": 1.6938974950178405, "slatop": 0.03070590481713558, "slopebeta": -791.7174976216162}, "datetime": {"datetime": "2024-03-19 19:24:23", "elapsed": 8617.633367, "delta": 307.868053}}
{"target": 0.0017100651726554732, "params": {"baseflow": 2.3275679730283616, "fff": 3.7503005884805423, "fmax": 0.2561572426842561, "frootleaf": 0.6625202746780036, "leaflong": 1.8831713369492902, "slatop": 0.037239705098814746, "slopebeta": -290.93104423834234}, "datetime": {"datetime": "2024-03-19 19:30:57", "elapsed": 9011.341169, "delta": 393.707802}}
{"target": 2.959778431493942e-06, "params": {"baseflow": 5.1742807596350415, "fff": 0.8606275580148113, "fmax": 0.3663328668281639, "frootleaf": 0.444016032754001, "leaflong": 0.4312525167908726, "slatop": 0.031558505676535294, "slopebeta": -986.0570955486095}, "datetime": {"datetime": "2024-03-19 19:33:51", "elapsed": 9185.040898, "delta": 173.699729}}
{"target": 0.000293258959249821, "params": {"baseflow": 8.856785441672466, "fff": 2.6485021803618753, "fmax": 0.6875991228078459, "frootleaf": 1.646451351972843, "leaflong": 0.8232565343314349, "slatop": 0.013386236892401248, "slopebeta": -432.68860376616476}, "datetime": {"datetime": "2024-03-19 19:44:44", "elapsed": 9838.545399, "delta": 653.504501}}
{"target": 0.005113313924400054, "params": {"baseflow": 1.155408079620548, "fff": 2.4782772433679194, "fmax": 0.16621245873187201, "frootleaf": 0.9871770007968834, "leaflong": 0.9937171154608793, "slatop": 0.020058825368868827, "slopebeta": -188.75250337150953}, "datetime": {"datetime": "2024-03-19 19:48:27", "elapsed": 10061.545843, "delta": 223.000444}}
