{"target": 0.003073317889220669, "params": {"baseflow": 3.4883970104841366, "fff": 2.2143403749367145, "fmax": 0.18209969005898125, "frootleaf": 1.1454242978161324, "leaflong": 0.8126345408199642, "slatop": 0.02246597303560735, "slopebeta": -590.8273796726446}, "datetime": {"datetime": "2024-03-19 19:51:41", "elapsed": 10255.55151, "delta": 194.005667}}
{"target": 0.0011132687009467465, "params": {"baseflow": 9.439989255264102, "fff": 0.8298160570961902, "fmax": 0.6558960242490025, "frootleaf": 1.006632071472049, "leaflong": 1.1553790192670985, "slatop": 0.03758722928152272, "slopebeta": -308.97977819962887}, "datetime": {"datetime": "2024-03-19 19:53:59", "elapsed": 10393.305733, "delta": 137.754223}}
{"target": 0.0015009735148441188, "params": {"baseflow": 3.0725609460214667, "fff": 0.8325210173546008, "fmax": 0.4064904693490703, "frootleaf": 0.9308649075716074, "leaflong": 1.3308303073602448, "slatop": 0.03418515659466562, "slopebeta": -794.8424776244241}, "datetime": {"datetime": "2024-03-19 19:56:33", "elapsed": 10546.977558, "delta": 153.671825}}
{"target": 0.0009248230472592469, "params": {"baseflow": 7.347422019200157, "fff": 4.385304859045239, "fmax": 0.6756869471925745, "frootleaf": 0.7840485519668451, "leaflong": 0.3949097951994627, "slatop": 0.019487646110292037, "slopebeta": -341.91316988809626}, "datetime": {"datetime": "2024-03-19 19:59:02", "elapsed": 10696.2092, "delta": 149.231642}}
{"target": 0.01500717297512298, "params": {"baseflow": 6.996529417015042, "fff": 1.524285566648404, "fmax": 0.5982604447404127, "frootleaf": 0.20303805273912595, "leaflong": 1.5785215004619888, "slatop": 0.03208638206055117, "slopebeta": -146.83132948380648}, "datetime": {"datetime": "2024-03-19 20:01:25", "elapsed": 10839.269216, "delta": 143.060016}}
{"target": 0.0019212896949398108, "params": {"baseflow": 5.964279167792203, "fff": 2.6041906869690408, "fmax": 0.5503268931809646, "frootleaf": 1.572169286845218, "leaflong": 0.621090989796456, "slatop": 0.02844790528157612, "slopebeta": -597.7130049366076}, "datetime": {"datetime": "2024-03-19 20:03:50", "elapsed": 10984.241903, "delta": 144.972687}}
{"target": 0.0004973901108814042, "params": {"baseflow": 4.7766476832419205, "fff": 3.1376811594086895, "fmax": 0.46320322150972537, "frootleaf": 0.27595566963859475, "leaflong": 0.9552895509595352, "slatop": 0.009161400621083175, "slopebeta": -954.9200488064891}, "datetime": {"datetime": "2024-03-19 20:06:08", "elapsed": 11122.03187, "delta": 137.789967}}
{"target": 0.0012421566139128404, "params": {"baseflow": 1.8830081732539783, "fff": 3.65658478873265, "fmax": 0.27784327623471744, "frootleaf": 0.7412608581542346, "leaflong": 1.9321518306489933, "slatop": 0.006030246941561138, "slopebeta": -921.3552075107099}, "datetime": {"datetime": "2024-03-19 20:08:27", "elapsed": 11261.712504, "delta": 139.680634}}
{"target": 0.016146114426929287, "params": {"baseflow": 9.695393689926005, "fff": 1.5920728781982627, "fmax": 0.4483901720081255, "frootleaf": 0.9467235721776716, "leaflong": 1.9490103457961163, "slatop": 0.030360582506947127, "slopebeta": -749.3263956371334}, "datetime": {"datetime": "2024-03-19 20:10:51", "elapsed": 11405.174185, "delta": 143.461681}}
{"target": 0.0004222577164597497, "params": {"baseflow": 5.85131229732356, "fff": 2.188986969220064, "fmax": 0.45326142141934944, "frootleaf": 0.7706434435029453, "leaflong": 0.6096927722601324, "slatop": 0.02963061468804256, "slopebeta": -959.6290993289639}, "datetime": {"datetime": "2024-03-19 20:13:44", "elapsed": 11578.609724, "delta": 173.435539}}
{"target": 0.0008916826641432349, "params": {"baseflow": 8.658254034013726, "fff": 3.8455822643597126, "fmax": 0.387279921336505, "frootleaf": 1.2135490094035752, "leaflong": 1.2576665650546568, "slatop": 0.011937907649393892, "slopebeta": -551.1980957875526}, "datetime": {"datetime": "2024-03-19 20:16:32", "elapsed": 11746.635128, "delta": 168.025404}}
{"target": 0.0019469267063047361, "params": {"baseflow": 9.20597557542582, "fff": 4.6072429093420615, "fmax": 0.5644036415951957, "frootleaf": 0.22874561878886485, "leaflong": 0.47825230051911233, "slatop": 0.03481885691112872, "slopebeta": -291.97657431666994}, "datetime": {"datetime": "2024-03-19 20:19:05", "elapsed": 11899.496203, "delta": 152.861075}}
{"target": 0.0010515158514263674, "params": {"baseflow": 3.6142406356495895, "fff": 3.186445554392206, "fmax": 0.4452878498593533, "frootleaf": 0.6834375233522315, "leaflong": 0.40187787504071015, "slatop": 0.036820147697115654, "slopebeta": -253.57837070975847}, "datetime": {"datetime": "2024-03-19 20:23:58", "elapsed": 12192.346935, "delta": 292.850732}}
{"target": 0.0026119762587185134, "params": {"baseflow": 5.607987527069173, "fff": 2.4897839616464172, "fmax": 0.42413974695701095, "frootleaf": 1.6297914343910855, "leaflong": 0.8424315872537054, "slatop": 0.017206154126091854, "slopebeta": -525.254810483033}, "datetime": {"datetime": "2024-03-19 20:26:37", "elapsed": 12350.816093, "delta": 158.469158}}
{"target": 0.003478128855350026, "params": {"baseflow": 0.5371499018684045, "fff": 3.3500134925204246, "fmax": 0.2614965440125636, "frootleaf": 1.6859653021003198, "leaflong": 0.8451035376200464, "slatop": 0.019460619439521834, "slopebeta": -273.7610479631237}, "datetime": {"datetime": "2024-03-19 20:29:16", "elapsed": 12509.995086, "delta": 159.178993}}
{"target": 4.145007892650558e-05, "params": {"baseflow": 5.279764551501125, "fff": 1.1780122828491906, "fmax": 0.543235430026559, "frootleaf": 0.6076349526740765, "leaflong": 1.215889347035065, "slatop": 0.03658150176304403, "slopebeta": -105.6628440872214}, "datetime": {"datetime": "2024-03-19 20:32:09", "elapsed": 12682.881979, "delta": 172.886893}}
{"target": 0.0003603411634018962, "params": {"baseflow": 7.099423920265323, "fff": 4.60835932461513, "fmax": 0.24134178170963333, "frootleaf": 1.2495420631225933, "leaflong": 0.9863469052248581, "slatop": 0.010147858982181599, "slopebeta": -691.7119601942052}, "datetime": {"datetime": "2024-03-19 20:34:47", "elapsed": 12840.919152, "delta": 158.037173}}
{"target": 9.276607192979673e-05, "params": {"baseflow": 7.978013503237147, "fff": 2.7961892576413883, "fmax": 0.3380563603780189, "frootleaf": 0.37411739473962546, "leaflong": 1.610681080997448, "slatop": 0.020968522930408254, "slopebeta": -1.1538923438861275}, "datetime": {"datetime": "2024-03-19 20:37:45", "elapsed": 13019.469175, "delta": 178.550023}}
{"target": 0.013534684097864885, "params": {"baseflow": 5.752501266274458, "fff": 0.40502701374984074, "fmax": 0.15539945007688133, "frootleaf": 1.8283822470527213, "leaflong": 0.7480710329464522, "slatop": 0.014406402457186888, "slopebeta": -128.620321124518}, "datetime": {"datetime": "2024-03-19 20:40:03", "elapsed": 13157.337191, "delta": 137.868016}}
{"target": 0.023258110829475195, "params": {"baseflow": 3.4361312277289056, "fff": 0.17355147453742298, "fmax": 0.5973331632137212, "frootleaf": 1.3299502314196379, "leaflong": 0.7010671419066992, "slatop": 0.028906433402178047, "slopebeta": -945.4063418389976}, "datetime": {"datetime": "2024-03-19 20:42:21", "elapsed": 13295.668066, "delta": 138.330875}}
{"target": 0.08055658630865156, "params": {"baseflow": 0.08081074479472816, "fff": 1.1601245212354725, "fmax": 0.1702970145095573, "frootleaf": 1.5626162577096108, "leaflong": 1.2511475072570557, "slatop": 0.017535567333646165, "slopebeta": -840.6038502392673}, "datetime": {"datetime": "2024-03-19 20:44:41", "elapsed": 13434.928735, "delta": 139.260669}}
{"target": 5.914538170511999e-06, "params": {"baseflow": 5.090009246024359, "fff": 2.0615584857244698, "fmax": 0.6875277499742353, "frootleaf": 0.20851167051877934, "leaflong": 0.7361637828301153, "slatop": 0.009848213267889636, "slopebeta": -767.7253425620061}, "datetime": {"datetime": "2024-03-19 20:46:59", "elapsed": 13572.814307, "delta": 137.885572}}
{"target": 0.0012627416163157922, "params": {"baseflow": 4.566830130436904, "fff": 2.159303787818263, "fmax": 0.3833151754633244, "frootleaf": 0.9447030694234974, "leaflong": 1.9773358080092676, "slatop": 0.03295380031929768, "slopebeta": -160.1412602101168}, "datetime": {"datetime": "2024-03-19 20:49:22", "elapsed": 13715.942382, "delta": 143.128075}}
{"target": 0.010991209236999913, "params": {"baseflow": 4.300811072353953, "fff": 0.23467186786784844, "fmax": 0.5876607951120817, "frootleaf": 1.5479598177846954, "leaflong": 1.478247894014807, "slatop": 0.030339345743054046, "slopebeta": -492.9739390569236}, "datetime": {"datetime": "2024-03-19 20:51:40", "elapsed": 13853.901125, "delta": 137.958743}}
{"target": 0.006321969449918046, "params": {"baseflow": 6.347986662928768, "fff": 3.4939877565536865, "fmax": 0.17001773551455185, "frootleaf": 1.5885044569022613, "leaflong": 0.3425176422929648, "slatop": 0.016335855802329526, "slopebeta": -12.845565529387727}, "datetime": {"datetime": "2024-03-19 20:53:53", "elapsed": 13986.900861, "delta": 132.999736}}
{"target": 0.0011484337099149262, "params": {"baseflow": 4.552931672895932, "fff": 0.9962256881483714, "fmax": 0.2782614455934723, "frootleaf": 0.6547386554392941, "leaflong": 1.8120309317781578, "slatop": 0.0318670699099624, "slopebeta": -165.34666043468906}, "datetime": {"datetime": "2024-03-19 20:56:16", "elapsed": 14130.168951, "delta": 143.26809}}
{"target": 6.408426980957451e-05, "params": {"baseflow": 3.6931604353434846, "fff": 2.3486737106181894, "fmax": 0.2241673945535412, "frootleaf": 1.6632729900222436, "leaflong": 1.6476632876445703, "slatop": 0.012607160953633458, "slopebeta": -735.721705760606}, "datetime": {"datetime": "2024-03-19 20:58:34", "elapsed": 14268.327681, "delta": 138.15873}}
{"target": 0.0006598449597854575, "params": {"baseflow": 5.883963711702471, "fff": 3.452937551163888, "fmax": 0.6442376267414, "frootleaf": 0.6176700391869412, "leaflong": 0.5713848076429593, "slatop": 0.016859661089759063, "slopebeta": -357.3954934772578}, "datetime": {"datetime": "2024-03-19 21:00:53", "elapsed": 14406.808268, "delta": 138.480587}}
{"target": 0.0016960983617472399, "params": {"baseflow": 8.233481215822083, "fff": 4.309656434802332, "fmax": 0.12798749208318644, "frootleaf": 1.1996656485978923, "leaflong": 1.122272036467536, "slatop": 0.03367403963071755, "slopebeta": -858.0963668115448}, "datetime": {"datetime": "2024-03-19 21:03:11", "elapsed": 14545.272655, "delta": 138.464387}}
{"target": 0.0031866286808643527, "params": {"baseflow": 2.904313504367151, "fff": 3.045181519634481, "fmax": 0.674571670459617, "frootleaf": 0.905001046997174, "leaflong": 0.4037146897664807, "slatop": 0.0345965291666005, "slopebeta": -758.2306061634371}, "datetime": {"datetime": "2024-03-19 21:05:29", "elapsed": 14683.494149, "delta": 138.221494}}
{"target": 0.019752878925861448, "params": {"baseflow": 9.942088903676034, "fff": 0.7480425278718895, "fmax": 0.5045345786583838, "frootleaf": 1.6243630173879005, "leaflong": 1.985269264215774, "slatop": 0.0316017354257853, "slopebeta": -973.9644272829863}, "datetime": {"datetime": "2024-03-19 21:07:57", "elapsed": 14831.247693, "delta": 147.753544}}
{"target": 0.06446442717565833, "params": {"baseflow": 0.09094862233038792, "fff": 1.8385602239480996, "fmax": 0.5972974018394771, "frootleaf": 0.658813776981681, "leaflong": 1.1325561042849623, "slatop": 0.03293893337362731, "slopebeta": -172.73349549674276}, "datetime": {"datetime": "2024-03-19 21:10:25", "elapsed": 14979.153194, "delta": 147.905501}}
{"target": 0.03068368079373476, "params": {"baseflow": 0.5238540530689362, "fff": 1.0812596649923196, "fmax": 0.5372282867050908, "frootleaf": 0.18405756582857624, "leaflong": 0.9137870333422398, "slatop": 0.02318816744021463, "slopebeta": -173.36831301532231}, "datetime": {"datetime": "2024-03-19 21:12:38", "elapsed": 15111.95916, "delta": 132.805966}}
{"target": 0.11174684896147047, "params": {"baseflow": 0.5072545353770841, "fff": 0.30576765176464044, "fmax": 0.6841297549136836, "frootleaf": 1.7962177509381205, "leaflong": 1.8838823827236761, "slatop": 0.015687258176423177, "slopebeta": -840.6797313887839}, "datetime": {"datetime": "2024-03-19 21:15:01", "elapsed": 15255.035391, "delta": 143.076231}}
{"target": 0.023346581696732358, "params": {"baseflow": 0.7672364519029995, "fff": 1.4128639382489778, "fmax": 0.24420645857049705, "frootleaf": 1.8006766470923032, "leaflong": 1.7462809341667171, "slatop": 0.03162904571198871, "slopebeta": -841.2121055314026}, "datetime": {"datetime": "2024-03-19 21:17:14", "elapsed": 15387.936551, "delta": 132.90116}}
{"target": 0.06633516967375258, "params": {"baseflow": 0.33683411310689415, "fff": 0.8557450427214206, "fmax": 0.5003493106226459, "frootleaf": 0.3997506957120996, "leaflong": 1.1553057565953724, "slatop": 0.03135216943630575, "slopebeta": -841.6580505633301}, "datetime": {"datetime": "2024-03-19 21:19:33", "elapsed": 15527.262643, "delta": 139.326092}}
{"target": 0.02023777607281884, "params": {"baseflow": 0.6416390712597131, "fff": 2.0893621694291937, "fmax": 0.20238634376401948, "frootleaf": 1.818491862513098, "leaflong": 0.4283517770632942, "slatop": 0.03628761240095965, "slopebeta": -171.55465261111215}, "datetime": {"datetime": "2024-03-19 21:21:51", "elapsed": 15665.585422, "delta": 138.322779}}
{"target": 0.01319693092278324, "params": {"baseflow": 1.195029285834529, "fff": 1.453580567999965, "fmax": 0.10624675313063942, "frootleaf": 0.238833968615334, "leaflong": 1.2247667666099713, "slatop": 0.006978415803334885, "slopebeta": -840.4137350346431}, "datetime": {"datetime": "2024-03-19 21:24:14", "elapsed": 15808.695576, "delta": 143.110154}}
{"target": 0.05043949024489599, "params": {"baseflow": 1.2185612083436614, "fff": 0.32500066473788264, "fmax": 0.29456020527139803, "frootleaf": 1.5579422530220433, "leaflong": 1.0755159127373555, "slatop": 0.03541548660195194, "slopebeta": -840.936283540469}, "datetime": {"datetime": "2024-03-19 21:26:42", "elapsed": 15956.709225, "delta": 148.013649}}
{"target": 0.0156869404808691, "params": {"baseflow": 0.295060589534768, "fff": 1.1316326739364673, "fmax": 0.5657032307250891, "frootleaf": 1.2847029331183049, "leaflong": 1.3099232633787792, "slatop": 0.013281176009622492, "slopebeta": -840.8992156904872}, "datetime": {"datetime": "2024-03-19 21:28:50", "elapsed": 16084.394254, "delta": 127.685029}}
{"target": 0.00022101069578587445, "params": {"baseflow": 4.18143985461543, "fff": 3.398285975331863, "fmax": 0.28033846226302506, "frootleaf": 0.27655519295608266, "leaflong": 0.5667404592906531, "slatop": 0.009608660713453933, "slopebeta": -774.460344142447}, "datetime": {"datetime": "2024-03-21 15:35:47", "elapsed": 0.0, "delta": 0.0}}
{"target": 0.006111222755138317, "params": {"baseflow": 7.6717549246650565, "fff": 1.5174840807115735, "fmax": 0.16327155190192139, "frootleaf": 1.3752616566646814, "leaflong": 1.7507162539653744, "slatop": 0.004657025194204163, "slopebeta": -595.9832596479199}, "datetime": {"datetime": "2024-03-21 15:45:19", "elapsed": 571.766856, "delta": 571.766856}}
{"target": 0.00435786688003692, "params": {"baseflow": 6.599815595777575, "fff": 1.356483994422566, "fmax": 0.3073753564604481, "frootleaf": 1.5716317880590438, "leaflong": 1.2492636864230082, "slatop": 0.005282906901350993, "slopebeta": -596.4575571830901}, "datetime": {"datetime": "2024-03-21 15:49:08", "elapsed": 801.108014, "delta": 229.341158}}
{"target": 0.021649107835084266, "params": {"baseflow": 9.50552259317444, "fff": 0.1671420395447925, "fmax": 0.567045531725507, "frootleaf": 0.6767161475947083, "leaflong": 1.229356058716582, "slatop": 0.026254993418009014, "slopebeta": -594.9073086817543}, "datetime": {"datetime": "2024-03-21 15:53:06", "elapsed": 1038.887266, "delta": 237.779252}}
{"target": 0.0010477236030148893, "params": {"baseflow": 9.079716581679293, "fff": 1.844289183048518, "fmax": 0.5330821170130083, "frootleaf": 1.095839050213075, "leaflong": 0.9570234896226233, "slatop": 0.031436304812506824, "slopebeta": -592.8780619482663}, "datetime": {"datetime": "2024-03-21 15:56:43", "elapsed": 1256.700614, "delta": 217.813348}}
{"target": 0.003380832276894534, "params": {"baseflow": 9.405420903149686, "fff": 1.183134758561073, "fmax": 0.19851184283928192, "frootleaf": 0.2998685680270613, "leaflong": 0.439585909934655, "slatop": 0.03523233816345531, "slopebeta": -596.7843724209279}, "datetime": {"datetime": "2024-03-21 16:00:07", "elapsed": 1460.723796, "delta": 204.023182}}
{"target": 4.554089891371663e-06, "params": {"baseflow": 8.798265695253288, "fff": 1.3707513371410802, "fmax": 0.6106806811298072, "frootleaf": 1.6750272996304418, "leaflong": 0.6253375748908025, "slatop": 0.039367948121686994, "slopebeta": -595.4091329856655}, "datetime": {"datetime": "2024-03-21 16:03:16", "elapsed": 1648.826684, "delta": 188.102888}}
{"target": 0.000469331660754404, "params": {"baseflow": 9.757368641357427, "fff": 1.656841831607425, "fmax": 0.11972775198717155, "frootleaf": 1.0727359887400858, "leaflong": 1.0091451044965492, "slatop": 0.0358571504826328, "slopebeta": -122.85620120772069}, "datetime": {"datetime": "2024-03-21 16:06:18", "elapsed": 1831.605121, "delta": 182.778437}}
{"target": 0.0005161000879604868, "params": {"baseflow": 9.952006890577561, "fff": 3.840714331001224, "fmax": 0.261323649265195, "frootleaf": 0.7090724994818448, "leaflong": 1.664030362663322, "slatop": 0.022820411351509494, "slopebeta": -841.1160433399658}, "datetime": {"datetime": "2024-03-21 16:08:56", "elapsed": 1989.285139, "delta": 157.680018}}
{"target": 0.0009297252305975248, "params": {"baseflow": 4.5751156559342, "fff": 1.7877628048910847, "fmax": 0.6918219914544096, "frootleaf": 0.36850631530228783, "leaflong": 0.5484864217469555, "slatop": 0.023895252573845508, "slopebeta": -346.9417121231472}, "datetime": {"datetime": "2024-03-21 16:11:14", "elapsed": 2126.978056, "delta": 137.692917}}
{"target": 0.001712767379074709, "params": {"baseflow": 7.788295042816976, "fff": 1.8095327096178162, "fmax": 0.6255362652012403, "frootleaf": 1.9831782705137966, "leaflong": 1.29110086567241, "slatop": 0.03377131692078396, "slopebeta": -595.8202135874068}, "datetime": {"datetime": "2024-03-21 16:13:26", "elapsed": 2259.643559, "delta": 132.665503}}
{"target": 0.009982387922646113, "params": {"baseflow": 6.015169292097014, "fff": 0.33820159244981335, "fmax": 0.42331233586895267, "frootleaf": 0.910094529276127, "leaflong": 1.6398680729812154, "slatop": 0.039337131552990456, "slopebeta": -172.68901741167974}, "datetime": {"datetime": "2024-03-21 16:15:49", "elapsed": 2402.456105, "delta": 142.812546}}
{"target": 0.0008378943389557516, "params": {"baseflow": 5.251620438380651, "fff": 2.3926652963714585, "fmax": 0.130864882879587, "frootleaf": 1.861751549509422, "leaflong": 1.9670316730119597, "slatop": 0.02289858265645825, "slopebeta": -546.0627039353863}, "datetime": {"datetime": "2024-03-21 16:18:12", "elapsed": 2545.147634, "delta": 142.691529}}
{"target": 0.0026199433228665274, "params": {"baseflow": 2.2021872199523997, "fff": 3.9659323592727427, "fmax": 0.2781557080077407, "frootleaf": 1.3968428985858294, "leaflong": 1.277389214837309, "slatop": 0.032993128230097396, "slopebeta": -869.9965920657401}, "datetime": {"datetime": "2024-03-21 16:20:25", "elapsed": 2677.84386, "delta": 132.696226}}
{"target": 0.0012696450041047736, "params": {"baseflow": 5.533652352524696, "fff": 0.9656442516136048, "fmax": 0.37279590110535576, "frootleaf": 0.5849474368022343, "leaflong": 1.427496794861178, "slatop": 0.03274639820313727, "slopebeta": -497.2266874357427}, "datetime": {"datetime": "2024-03-21 16:22:47", "elapsed": 2820.55992, "delta": 142.71606}}
{"target": 0.001123299990745088, "params": {"baseflow": 8.88498760352665, "fff": 3.056388688826747, "fmax": 0.11181953634425677, "frootleaf": 1.240282587931259, "leaflong": 0.5716821979554616, "slatop": 0.014178977511998007, "slopebeta": -983.3659774163324}, "datetime": {"datetime": "2024-03-21 16:24:55", "elapsed": 2948.421615, "delta": 127.861695}}
{"target": 0.015387924714133718, "params": {"baseflow": 5.622482747808252, "fff": 4.300925793188059, "fmax": 0.18081729025048754, "frootleaf": 1.7744648517867017, "leaflong": 0.8821285883197332, "slatop": 0.029228047601684376, "slopebeta": -630.5751633991147}, "datetime": {"datetime": "2024-03-21 16:27:10", "elapsed": 3082.917971, "delta": 134.496356}}
{"target": 9.042507275953676e-05, "params": {"baseflow": 8.553544272198373, "fff": 1.5465071183545462, "fmax": 0.4345854618048377, "frootleaf": 0.5420704119656707, "leaflong": 0.9488903327721616, "slatop": 0.021611256417737916, "slopebeta": -738.8704763607692}, "datetime": {"datetime": "2024-03-21 16:29:22", "elapsed": 3215.695719, "delta": 132.777748}}
{"target": 4.3715362344151385e-05, "params": {"baseflow": 5.000761981223699, "fff": 3.3649487653456034, "fmax": 0.49612598246254136, "frootleaf": 0.5878385535160802, "leaflong": 1.9818638484273723, "slatop": 0.033441825081138084, "slopebeta": -857.7968467029674}, "datetime": {"datetime": "2024-03-21 16:34:10", "elapsed": 3503.461254, "delta": 287.765535}}
{"target": 0.00802721091573088, "params": {"baseflow": 5.895209481279244, "fff": 0.4483133548827747, "fmax": 0.23952824000651268, "frootleaf": 0.050052041567474705, "leaflong": 1.540760868399016, "slatop": 0.012543636110790799, "slopebeta": -925.930596903022}, "datetime": {"datetime": "2024-03-21 16:36:28", "elapsed": 3641.237973, "delta": 137.776719}}
{"target": 0.000951610937395445, "params": {"baseflow": 2.052067859929143, "fff": 4.059619786510041, "fmax": 0.131653239541963, "frootleaf": 1.4989433405735628, "leaflong": 1.0693774612289855, "slatop": 0.00529799487804075, "slopebeta": -280.83920224496376}, "datetime": {"datetime": "2024-03-21 16:38:41", "elapsed": 3773.859513, "delta": 132.62154}}
