{"target": 0.0002557847965023982, "params": {"baseflow": 8.069671122505882, "fff": 3.10016374723677, "fmax": 0.4823331401862938, "frootleaf": 1.0743273993331264, "leaflong": 1.8364200805048954, "slatop": 0.019952222901400057, "slopebeta": -65.4234296632402}, "datetime": {"datetime": "2024-03-21 16:40:48", "elapsed": 3901.572499, "delta": 127.712986}}
{"target": 4.787247323388994e-05, "params": {"baseflow": 8.144445762049084, "fff": 0.9225317039184191, "fmax": 0.5718472927211271, "frootleaf": 1.3468628649214742, "leaflong": 1.7290569179807016, "slatop": 0.022451300900113665, "slopebeta": -317.95069534095444}, "datetime": {"datetime": "2024-03-21 16:42:56", "elapsed": 4029.243043, "delta": 127.670544}}
{"target": 0.014854732895048421, "params": {"baseflow": 1.709229749747756, "fff": 0.8564171645021382, "fmax": 0.36503479306150544, "frootleaf": 1.511555808392362, "leaflong": 0.41045050664720345, "slatop": 0.02186577217351511, "slopebeta": -804.5146479168606}, "datetime": {"datetime": "2024-03-21 16:45:14", "elapsed": 4166.962238, "delta": 137.719195}}
{"target": 1.71607465707253e-05, "params": {"baseflow": 2.4966896492992574, "fff": 3.6918862600639577, "fmax": 0.3818569642991616, "frootleaf": 1.9647223485837628, "leaflong": 0.9264478668328606, "slatop": 0.035261711688946845, "slopebeta": -433.06959962318956}, "datetime": {"datetime": "2024-03-21 16:47:21", "elapsed": 4294.72836, "delta": 127.766122}}
{"target": 0.012217446536974826, "params": {"baseflow": 3.2577384849177635, "fff": 0.339035647944627, "fmax": 0.4922631669575075, "frootleaf": 0.9519943555720398, "leaflong": 1.0578803272048636, "slatop": 0.035599833408044526, "slopebeta": -886.927330191868}, "datetime": {"datetime": "2024-03-21 16:49:39", "elapsed": 4432.484474, "delta": 137.756114}}
{"target": 0.021461012488417038, "params": {"baseflow": 5.266178756722906, "fff": 1.7927981546773386, "fmax": 0.33243558056971234, "frootleaf": 1.750461892471239, "leaflong": 1.6938974950178405, "slatop": 0.03070590481713558, "slopebeta": -791.7174976216162}, "datetime": {"datetime": "2024-03-21 16:51:52", "elapsed": 4565.190981, "delta": 132.706507}}
{"target": 0.0017100651726554732, "params": {"baseflow": 2.3275679730283616, "fff": 3.7503005884805423, "fmax": 0.2561572426842561, "frootleaf": 0.6625202746780036, "leaflong": 1.8831713369492902, "slatop": 0.037239705098814746, "slopebeta": -290.93104423834234}, "datetime": {"datetime": "2024-03-21 16:54:10", "elapsed": 4702.899376, "delta": 137.708395}}
{"target": 2.959778431493942e-06, "params": {"baseflow": 5.1742807596350415, "fff": 0.8606275580148113, "fmax": 0.3663328668281639, "frootleaf": 0.444016032754001, "leaflong": 0.4312525167908726, "slatop": 0.031558505676535294, "slopebeta": -986.0570955486095}, "datetime": {"datetime": "2024-03-21 16:56:27", "elapsed": 4840.722024, "delta": 137.822648}}
{"target": 0.000293258959249821, "params": {"baseflow": 8.856785441672466, "fff": 2.6485021803618753, "fmax": 0.6875991228078459, "frootleaf": 1.646451351972843, "leaflong": 0.8232565343314349, "slatop": 0.013386236892401248, "slopebeta": -432.68860376616476}, "datetime": {"datetime": "2024-03-21 16:58:40", "elapsed": 4973.418411, "delta": 132.696387}}
{"target": 0.005113313924400054, "params": {"baseflow": 1.155408079620548, "fff": 2.4782772433679194, "fmax": 0.16621245873187201, "frootleaf": 0.9871770007968834, "leaflong": 0.9937171154608793, "slatop": 0.020058825368868827, "slopebeta": -188.75250337150953}, "datetime": {"datetime": "2024-03-21 17:00:53", "elapsed": 5106.154422, "delta": 132.736011}}
{"target": 0.003073317889220669, "params": {"baseflow": 3.4883970104841366, "fff": 2.2143403749367145, "fmax": 0.18209969005898125, "frootleaf": 1.1454242978161324, "leaflong": 0.8126345408199642, "slatop": 0.02246597303560735, "slopebeta": -590.8273796726446}, "datetime": {"datetime": "2024-03-21 17:03:06", "elapsed": 5238.851646, "delta": 132.697224}}
{"target": 0.0011132687009467465, "params": {"baseflow": 9.439989255264102, "fff": 0.8298160570961902, "fmax": 0.6558960242490025, "frootleaf": 1.006632071472049, "leaflong": 1.1553790192670985, "slatop": 0.03758722928152272, "slopebeta": -308.97977819962887}, "datetime": {"datetime": "2024-03-21 17:05:31", "elapsed": 5383.788035, "delta": 144.936389}}
{"target": 0.0015009735148441188, "params": {"baseflow": 3.0725609460214667, "fff": 0.8325210173546008, "fmax": 0.4064904693490703, "frootleaf": 0.9308649075716074, "leaflong": 1.3308303073602448, "slatop": 0.03418515659466562, "slopebeta": -794.8424776244241}, "datetime": {"datetime": "2024-03-21 17:07:48", "elapsed": 5521.670902, "delta": 137.882867}}
{"target": 0.010378583032727567, "params": {"baseflow": 6.143601159666444, "fff": 0.5486191005848102, "fmax": 0.19973476557954806, "frootleaf": 1.0613854531323725, "leaflong": 1.8750036361068232, "slatop": 0.03219919734901083, "slopebeta": -172.7378711913983}, "datetime": {"datetime": "2024-03-21 17:10:06", "elapsed": 5659.410339, "delta": 137.739437}}
{"target": 0.011256184277755935, "params": {"baseflow": 8.374705884389284, "fff": 0.5157804497864386, "fmax": 0.603841329216384, "frootleaf": 0.8151874781977588, "leaflong": 1.0769870596128983, "slatop": 0.02034151601679086, "slopebeta": -595.2120464177224}, "datetime": {"datetime": "2024-03-21 17:12:24", "elapsed": 5797.14522, "delta": 137.734881}}
{"target": 0.00046250797300869957, "params": {"baseflow": 4.331444232081763, "fff": 0.6661099716464534, "fmax": 0.3706076907679544, "frootleaf": 1.0317085561172041, "leaflong": 1.0125627274855555, "slatop": 0.011756081084883388, "slopebeta": -791.864555801565}, "datetime": {"datetime": "2024-03-21 17:14:48", "elapsed": 5941.050597, "delta": 143.905377}}
{"target": 2.7869603123843755e-05, "params": {"baseflow": 5.559731360099013, "fff": 2.1417721948525466, "fmax": 0.3203042339289641, "frootleaf": 1.9761457426422366, "leaflong": 1.9084500928811794, "slatop": 0.036656530033397604, "slopebeta": -791.6698560845998}, "datetime": {"datetime": "2024-03-21 17:16:58", "elapsed": 6071.076734, "delta": 130.026137}}
{"target": 0.0012421566139128404, "params": {"baseflow": 1.8830081732539783, "fff": 3.65658478873265, "fmax": 0.27784327623471744, "frootleaf": 0.7412608581542346, "leaflong": 1.9321518306489933, "slatop": 0.006030246941561138, "slopebeta": -921.3552075107099}, "datetime": {"datetime": "2024-03-21 17:19:22", "elapsed": 6215.720033, "delta": 144.643299}}
{"target": 0.01637186333301595, "params": {"baseflow": 0.5366357496181484, "fff": 1.9447193154921352, "fmax": 0.2422519420539352, "frootleaf": 1.159524625645012, "leaflong": 0.47636849465060677, "slatop": 0.017329577724631163, "slopebeta": -188.8573692239611}, "datetime": {"datetime": "2024-03-21 17:21:35", "elapsed": 6348.522006, "delta": 132.801973}}
{"target": 0.006936644012902047, "params": {"baseflow": 6.041543182966857, "fff": 4.770543040856338, "fmax": 0.13404803868505005, "frootleaf": 1.5536582879578975, "leaflong": 0.8252329822354159, "slatop": 0.011770204996635964, "slopebeta": -630.2144390306638}, "datetime": {"datetime": "2024-03-21 17:23:58", "elapsed": 6491.502029, "delta": 142.980023}}
{"target": 0.00042457812905846156, "params": {"baseflow": 5.434973431259451, "fff": 1.4827531937300065, "fmax": 0.5260939325655719, "frootleaf": 1.2294775683038037, "leaflong": 1.2431506599220319, "slatop": 0.028540580027979625, "slopebeta": -791.9768524209186}, "datetime": {"datetime": "2024-03-21 17:26:06", "elapsed": 6619.4839, "delta": 127.981871}}
{"target": 0.0019469267063047361, "params": {"baseflow": 9.20597557542582, "fff": 4.6072429093420615, "fmax": 0.5644036415951957, "frootleaf": 0.22874561878886485, "leaflong": 0.47825230051911233, "slatop": 0.03481885691112872, "slopebeta": -291.97657431666994}, "datetime": {"datetime": "2024-03-21 17:28:19", "elapsed": 6752.271762, "delta": 132.787862}}
{"target": 0.009248845714115918, "params": {"baseflow": 3.057596863784262, "fff": 0.40008936977446885, "fmax": 0.36029451874818486, "frootleaf": 1.0979066800996062, "leaflong": 1.122371485968075, "slatop": 0.005734120574304993, "slopebeta": -887.301239598735}, "datetime": {"datetime": "2024-03-21 17:30:32", "elapsed": 6885.089296, "delta": 132.817534}}
{"target": 0.003441687855007095, "params": {"baseflow": 5.141412239801485, "fff": 4.448962548229439, "fmax": 0.2729481250042354, "frootleaf": 1.6076583261585558, "leaflong": 1.0912770796567481, "slatop": 0.025085648506128308, "slopebeta": -630.9442807126752}, "datetime": {"datetime": "2024-03-21 17:32:45", "elapsed": 7017.804526, "delta": 132.71523}}
{"target": 0.00843240973325341, "params": {"baseflow": 6.3798278248217475, "fff": 1.0989153275126113, "fmax": 0.48024097684431943, "frootleaf": 0.7638225809334942, "leaflong": 1.2433243831209786, "slatop": 0.03465317478213159, "slopebeta": -172.31129522035224}, "datetime": {"datetime": "2024-03-21 17:35:02", "elapsed": 7155.640641, "delta": 137.836115}}
{"target": 0.0025208512688490985, "params": {"baseflow": 3.0906768864849243, "fff": 0.8667738632031625, "fmax": 0.508791826172256, "frootleaf": 0.7409651666831689, "leaflong": 0.46457177629498214, "slatop": 0.012306476025156719, "slopebeta": -887.4674584619275}, "datetime": {"datetime": "2024-03-21 17:37:15", "elapsed": 7288.42483, "delta": 132.784189}}
{"target": 0.0003603411634018962, "params": {"baseflow": 7.099423920265323, "fff": 4.60835932461513, "fmax": 0.24134178170963333, "frootleaf": 1.2495420631225933, "leaflong": 0.9863469052248581, "slatop": 0.010147858982181599, "slopebeta": -691.7119601942052}, "datetime": {"datetime": "2024-03-21 17:40:18", "elapsed": 7471.180339, "delta": 182.755509}}
{"target": 0.0006063312559783494, "params": {"baseflow": 6.25685771749545, "fff": 0.7796786309931543, "fmax": 0.1186928158173573, "frootleaf": 0.634519885190691, "leaflong": 1.308220124063377, "slatop": 0.030948934380654113, "slopebeta": -925.6299836014589}, "datetime": {"datetime": "2024-03-21 17:42:46", "elapsed": 7619.059266, "delta": 147.878927}}
{"target": 0.013534684097864885, "params": {"baseflow": 5.752501266274458, "fff": 0.40502701374984074, "fmax": 0.15539945007688133, "frootleaf": 1.8283822470527213, "leaflong": 0.7480710329464522, "slatop": 0.014406402457186888, "slopebeta": -128.620321124518}, "datetime": {"datetime": "2024-03-21 17:45:04", "elapsed": 7757.232665, "delta": 138.173399}}
{"target": 0.023258110829475195, "params": {"baseflow": 3.4361312277289056, "fff": 0.17355147453742298, "fmax": 0.5973331632137212, "frootleaf": 1.3299502314196379, "leaflong": 0.7010671419066992, "slatop": 0.028906433402178047, "slopebeta": -945.4063418389976}, "datetime": {"datetime": "2024-03-21 17:47:17", "elapsed": 7890.416946, "delta": 133.184281}}
{"target": 0.08055658630865156, "params": {"baseflow": 0.08081074479472816, "fff": 1.1601245212354725, "fmax": 0.1702970145095573, "frootleaf": 1.5626162577096108, "leaflong": 1.2511475072570557, "slatop": 0.017535567333646165, "slopebeta": -840.6038502392673}, "datetime": {"datetime": "2024-03-21 17:49:40", "elapsed": 8033.325872, "delta": 142.908926}}
{"target": 5.914538170511999e-06, "params": {"baseflow": 5.090009246024359, "fff": 2.0615584857244698, "fmax": 0.6875277499742353, "frootleaf": 0.20851167051877934, "leaflong": 0.7361637828301153, "slatop": 0.009848213267889636, "slopebeta": -767.7253425620061}, "datetime": {"datetime": "2024-03-21 17:51:53", "elapsed": 8166.097508, "delta": 132.771636}}
{"target": 0.0015993648418244717, "params": {"baseflow": 6.360250726227795, "fff": 0.5958219198433695, "fmax": 0.6240246106517227, "frootleaf": 0.6745643348450067, "leaflong": 1.3870516443757637, "slatop": 0.028866062164022908, "slopebeta": -173.0599329249858}, "datetime": {"datetime": "2024-03-21 17:54:06", "elapsed": 8298.959448, "delta": 132.86194}}
{"target": 0.010991209236999913, "params": {"baseflow": 4.300811072353953, "fff": 0.23467186786784844, "fmax": 0.5876607951120817, "frootleaf": 1.5479598177846954, "leaflong": 1.478247894014807, "slatop": 0.030339345743054046, "slopebeta": -492.9739390569236}, "datetime": {"datetime": "2024-03-21 17:56:23", "elapsed": 8436.721769, "delta": 137.762321}}
{"target": 0.006321969449918046, "params": {"baseflow": 6.347986662928768, "fff": 3.4939877565536865, "fmax": 0.17001773551455185, "frootleaf": 1.5885044569022613, "leaflong": 0.3425176422929648, "slatop": 0.016335855802329526, "slopebeta": -12.845565529387727}, "datetime": {"datetime": "2024-03-21 17:58:42", "elapsed": 8575.079555, "delta": 138.357786}}
{"target": 0.0011484337099149262, "params": {"baseflow": 4.552931672895932, "fff": 0.9962256881483714, "fmax": 0.2782614455934723, "frootleaf": 0.6547386554392941, "leaflong": 1.8120309317781578, "slatop": 0.0318670699099624, "slopebeta": -165.34666043468906}, "datetime": {"datetime": "2024-03-21 18:01:00", "elapsed": 8712.878225, "delta": 137.79867}}
{"target": 2.770161792358182e-05, "params": {"baseflow": 8.080551538526542, "fff": 0.9157750808484961, "fmax": 0.5784270326300981, "frootleaf": 1.2480164819161035, "leaflong": 1.1268940561808216, "slatop": 0.017966170647630182, "slopebeta": -595.3487680178948}, "datetime": {"datetime": "2024-03-21 18:03:25", "elapsed": 8858.420334, "delta": 145.542109}}
{"target": 0.0003766347204098125, "params": {"baseflow": 6.595086214397065, "fff": 0.8851705745866244, "fmax": 0.12037179507334567, "frootleaf": 1.6667813406295264, "leaflong": 1.9201214696155957, "slatop": 0.016100064501237243, "slopebeta": -173.19824766788463}, "datetime": {"datetime": "2024-03-21 18:06:06", "elapsed": 9019.37282, "delta": 160.952486}}
{"target": 0.0016960983617472399, "params": {"baseflow": 8.233481215822083, "fff": 4.309656434802332, "fmax": 0.12798749208318644, "frootleaf": 1.1996656485978923, "leaflong": 1.122272036467536, "slatop": 0.03367403963071755, "slopebeta": -858.0963668115448}, "datetime": {"datetime": "2024-03-21 18:08:54", "elapsed": 9187.170379, "delta": 167.797559}}
{"target": 0.02074502679984349, "params": {"baseflow": 0.4061816611281521, "fff": 2.008508585671514, "fmax": 0.12018117296529494, "frootleaf": 0.7148498243523698, "leaflong": 0.47822740033513167, "slatop": 0.004149815575052414, "slopebeta": -189.3677828206736}, "datetime": {"datetime": "2024-03-21 18:11:12", "elapsed": 9325.136285, "delta": 137.965906}}
{"target": 0.019752878925861448, "params": {"baseflow": 9.942088903676034, "fff": 0.7480425278718895, "fmax": 0.5045345786583838, "frootleaf": 1.6243630173879005, "leaflong": 1.985269264215774, "slatop": 0.0316017354257853, "slopebeta": -973.9644272829863}, "datetime": {"datetime": "2024-03-21 18:13:30", "elapsed": 9463.228631, "delta": 138.092346}}
